<?xml version="1.0" encoding="UTF-8"?>
<!-- Generated by org.testng.reporters.JUnitXMLReporter -->
<testsuite hostname="DESKTOP-F13OLA2" ignored="0" name="Add Vendor Contact Test" tests="2" failures="0" timestamp="2020-06-08T16:14:10 IST" time="57.866" errors="0">
  <testcase name="addVendorContact" time="28.394" classname="VendorTabTestCases.AddVendorContactTest"/>
  <testcase name="addVendorContact" time="28.728" classname="VendorTabTestCases.AddVendorContactTest"/>
</testsuite> <!-- Add Vendor Contact Test -->
