<?xml version="1.0" encoding="UTF-8"?>
<!-- Generated by org.testng.reporters.JUnitXMLReporter -->
<testsuite hostname="DESKTOP-JO95MPE" ignored="0" name="Client MarketingPresentation Decisions task 9" tests="1" failures="0" timestamp="2020-11-23T17:40:30 IST" time="92.651" errors="0">
  <testcase name="documentClientMeetingNotes" time="91.926" classname="DentalLOCTestCases.ClientMarketingPresentationDecisions.SelectVendorSoldProposal"/>
</testsuite> <!-- Client MarketingPresentation Decisions task 9 -->
