<?xml version="1.0" encoding="UTF-8"?>
<!-- Generated by org.testng.reporters.JUnitXMLReporter -->
<testsuite hostname="DESKTOP-JO95MPE" ignored="0" name="Client MarketingPresentation Decisions task 10" tests="1" failures="0" timestamp="2020-11-23T18:54:30 IST" time="109.201" errors="0">
  <testcase name="documentClientMeetingNotes" time="108.678" classname="DentalLOCTestCases.ClientMarketingPresentationDecisions.CreatevendormarketingnotificationsclientsdecisionsDental"/>
</testsuite> <!-- Client MarketingPresentation Decisions task 10 -->
