<?xml version="1.0" encoding="UTF-8"?>
<!-- Generated by org.testng.reporters.JUnitXMLReporter -->
<testsuite hostname="DESKTOP-JO95MPE" ignored="0" name="Client MarketingPresentation Decisions task 3" tests="1" failures="0" timestamp="2020-11-17T18:24:10 IST" time="134.559" errors="0">
  <testcase name="documentClientMeetingNotes" time="134.053" classname="DentalLOCTestCases.ClientMarketingPresentationDecisions.MarketingMeetingfollowupsDental"/>
</testsuite> <!-- Client MarketingPresentation Decisions task 3 -->
