<?xml version="1.0" encoding="UTF-8"?>
<!-- Generated by org.testng.reporters.JUnitXMLReporter -->
<testsuite hostname="DESKTOP-JO95MPE" ignored="0" name="Client MarketingPresentation Decisions task 11" tests="1" failures="0" timestamp="2020-11-24T18:40:23 IST" time="111.172" errors="0">
  <testcase name="documentClientMeetingNotes" time="110.52" classname="DentalLOCTestCases.ClientMarketingPresentationDecisions.PeerReviewVendorMarketingNotificationsClientDecisionsDental"/>
</testsuite> <!-- Client MarketingPresentation Decisions task 11 -->
