<?xml version="1.0" encoding="UTF-8"?>
<!-- Generated by org.testng.reporters.JUnitXMLReporter -->
<testsuite hostname="DESKTOP-JO95MPE" ignored="0" name="Client MarketingPresentation Decisions task 4" tests="1" failures="0" timestamp="2020-11-18T13:15:15 IST" time="401.111" errors="0">
  <testcase name="documentClientMeetingNotes" time="400.392" classname="DentalLOCTestCases.ClientMarketingPresentationDecisions.ReviewMarketingMeetingfollowupsDental"/>
</testsuite> <!-- Client MarketingPresentation Decisions task 4 -->
