<?xml version="1.0" encoding="UTF-8"?>
<!-- Generated by org.testng.reporters.JUnitXMLReporter -->
<testsuite hostname="DESKTOP-JO95MPE" ignored="0" name="Client MarketingPresentation Decisions task 1" tests="1" failures="0" timestamp="2020-11-11T17:22:43 IST" time="166.137" errors="0">
  <testcase name="scheduleClientMarketingMeeting" time="165.57" classname="DentalLOCTestCases.ClientMarketingPresentationDecisions.ScheduleClientMarketingMeeting"/>
</testsuite> <!-- Client MarketingPresentation Decisions task 1 -->
