<?xml version="1.0" encoding="UTF-8"?>
<!-- Generated by org.testng.reporters.JUnitXMLReporter -->
<testsuite hostname="DESKTOP-JO95MPE" ignored="0" name="Client MarketingPresentation Decisions task Adhoc" tests="1" failures="0" timestamp="2020-11-17T12:42:19 IST" time="142.629" errors="0">
  <testcase name="documentClientMeetingNotes" time="142.077" classname="DentalLOCTestCases.ClientMarketingPresentationDecisions.ProcessAssociateToUpdateClientPresentatiom_ADHOC"/>
</testsuite> <!-- Client MarketingPresentation Decisions task Adhoc -->
