<?xml version="1.0" encoding="UTF-8"?>
<!-- Generated by org.testng.reporters.JUnitXMLReporter -->
<testsuite hostname="DESKTOP-JO95MPE" ignored="0" name="Client MarketingPresentation Decisions task 6" tests="1" failures="0" timestamp="2020-11-18T14:31:39 IST" time="288.871" errors="0">
  <testcase name="documentClientMeetingNotes" time="288.315" classname="DentalLOCTestCases.ClientMarketingPresentationDecisions.TeamPeerreviewMarketingpresentationDental"/>
</testsuite> <!-- Client MarketingPresentation Decisions task 6 -->
