<?xml version="1.0" encoding="UTF-8"?>
<!-- Generated by org.testng.reporters.JUnitXMLReporter -->
<testsuite hostname="DESKTOP-JO95MPE" ignored="0" name="Client MarketingPresentation Decisions task 7" tests="1" failures="0" timestamp="2020-11-18T15:24:27 IST" time="99.348" errors="0">
  <testcase name="documentClientMeetingNotes" time="98.837" classname="DentalLOCTestCases.ClientMarketingPresentationDecisions.PeerReviewMarketingPresentationDental"/>
</testsuite> <!-- Client MarketingPresentation Decisions task 7 -->
