<?xml version="1.0" encoding="UTF-8"?>
<!-- Generated by org.testng.reporters.JUnitXMLReporter -->
<testsuite hostname="DESKTOP-JO95MPE" ignored="0" name="Client MarketingPresentation Decisions task 8" tests="1" failures="0" timestamp="2020-11-23T14:54:58 IST" time="0.015" errors="0">
  <testcase name="documentClientMeetingNotes" time="0.0" classname="DentalLOCTestCases.ClientMarketingPresentationDecisions.ObtainClientDecisionsDental">
    <skipped/>
  </testcase> <!-- documentClientMeetingNotes -->
</testsuite> <!-- Client MarketingPresentation Decisions task 8 -->
