<?xml version="1.0" encoding="UTF-8"?>
<!-- Generated by org.testng.reporters.JUnitXMLReporter -->
<testsuite hostname="DESKTOP-JO95MPE" ignored="0" name="Client MarketingPresentation Decisions task 2" tests="1" failures="0" timestamp="2020-11-12T21:00:13 IST" time="123.81" errors="0">
  <testcase name="documentClientMeetingNotes" time="123.408" classname="DentalLOCTestCases.ClientMarketingPresentationDecisions.DocumentClientMeetingNotes"/>
</testsuite> <!-- Client MarketingPresentation Decisions task 2 -->
