<?xml version="1.0" encoding="UTF-8"?>
<!-- Generated by org.testng.reporters.JUnitXMLReporter -->
<testsuite hostname="DESKTOP-JO95MPE" ignored="0" name="Create Vendor Experience Task 3" tests="2" failures="0" timestamp="2020-11-05T17:53:06 IST" time="145.714" errors="0">
  <testcase name="reviewAndSaveUtilizationVersusPremiumReport" time="71.999" classname="DentalLOCTestCases.CreateVendorExperience.ReviewAndSaveUtilizationVersusPremiumReport"/>
  <testcase name="reviewAndSaveUtilizationVersusPremiumReport" time="72.631" classname="DentalLOCTestCases.CreateVendorExperience.ReviewAndSaveUtilizationVersusPremiumReport"/>
</testsuite> <!-- Create Vendor Experience Task 3 -->
