<?xml version="1.0" encoding="UTF-8"?>
<!-- Generated by org.testng.reporters.JUnitXMLReporter -->
<testsuite hostname="DESKTOP-JO95MPE" ignored="0" name="Create IncumbentVendor Disruption Report task 1" tests="2" failures="0" timestamp="2020-11-05T18:16:11 IST" time="256.33" errors="0">
  <testcase name="createRequestForDentalDisruptionReport" time="127.726" classname="DentalLOCTestCases.CreateIncumbentVendorDisruptionReport.CreateRequestForDentalDisruptionReport"/>
  <testcase name="createRequestForDentalDisruptionReport" time="127.569" classname="DentalLOCTestCases.CreateIncumbentVendorDisruptionReport.CreateRequestForDentalDisruptionReport"/>
</testsuite> <!-- Create IncumbentVendor Disruption Report task 1 -->
