<?xml version="1.0" encoding="UTF-8"?>
<!-- Generated by org.testng.reporters.JUnitXMLReporter -->
<testsuite hostname="DESKTOP-JO95MPE" ignored="0" name="Create Vendor Experience Task 4" tests="2" failures="0" timestamp="2020-11-05T17:55:55 IST" time="168.803" errors="0">
  <testcase name="selectModifyReportsforRFP" time="84.238" classname="DentalLOCTestCases.CreateVendorExperience.SelectModifyReportsforRFP"/>
  <testcase name="selectModifyReportsforRFP" time="83.571" classname="DentalLOCTestCases.CreateVendorExperience.SelectModifyReportsforRFP"/>
</testsuite> <!-- Create Vendor Experience Task 4 -->
