<?xml version="1.0" encoding="UTF-8"?>
<!-- Generated by org.testng.reporters.JUnitXMLReporter -->
<testsuite hostname="DESKTOP-JO95MPE" ignored="0" name="Create IncumbentVendor Disruption Report task 3" tests="2" failures="0" timestamp="2020-11-05T18:22:44 IST" time="204.729" errors="0">
  <testcase name="validateandScrubIncumbentDisruptionReport" time="101.988" classname="DentalLOCTestCases.CreateIncumbentVendorDisruptionReport.ValidateandScrubIncumbentDisruptionReport"/>
  <testcase name="validateandScrubIncumbentDisruptionReport" time="101.77" classname="DentalLOCTestCases.CreateIncumbentVendorDisruptionReport.ValidateandScrubIncumbentDisruptionReport"/>
</testsuite> <!-- Create IncumbentVendor Disruption Report task 3 -->
