<?xml version="1.0" encoding="UTF-8"?>
<!-- Generated by org.testng.reporters.JUnitXMLReporter -->
<testsuite hostname="DESKTOP-JO95MPE" ignored="0" name="Create MarketingCensus Request task 5" tests="2" failures="0" timestamp="2020-11-05T18:50:00 IST" time="307.265" errors="0">
  <testcase name="internalReviewMarketingCensusDatat" time="154.773" classname="DentalLOCTestCases.CreateMarketingCensusRequest.InternalReviewMarketingCensusData"/>
  <testcase name="internalReviewMarketingCensusDatat" time="151.586" classname="DentalLOCTestCases.CreateMarketingCensusRequest.InternalReviewMarketingCensusData"/>
</testsuite> <!-- Create MarketingCensus Request task 5 -->
