<?xml version="1.0" encoding="UTF-8"?>
<!-- Generated by org.testng.reporters.JUnitXMLReporter -->
<testsuite hostname="DESKTOP-JO95MPE" ignored="0" name="Create IncumbentVendor Disruption Report" tests="1" failures="0" timestamp="2020-10-26T20:27:44 IST" time="293.903" errors="0">
  <testcase name="createIncumbentVendorDisruption" time="293.421" classname="DentalLOCTestCases.CreateIncumbentVendorDisruptionReport.CreateIncumbentVendorDisruptionReport"/>
</testsuite> <!-- Create IncumbentVendor Disruption Report -->
