<?xml version="1.0" encoding="UTF-8"?>
<!-- Generated by org.testng.reporters.JUnitXMLReporter -->
<testsuite hostname="DESKTOP-JO95MPE" ignored="0" name="Create MarketingCensus Request task 4" tests="2" failures="0" timestamp="2020-11-05T18:44:53 IST" time="171.165" errors="0">
  <testcase name="validateAndScrubCensus" time="85.411" classname="DentalLOCTestCases.CreateMarketingCensusRequest.ValidateAndScrubCensus"/>
  <testcase name="validateAndScrubCensus" time="84.777" classname="DentalLOCTestCases.CreateMarketingCensusRequest.ValidateAndScrubCensus"/>
</testsuite> <!-- Create MarketingCensus Request task 4 -->
