<?xml version="1.0" encoding="UTF-8"?>
<!-- Generated by org.testng.reporters.JUnitXMLReporter -->
<testsuite hostname="DESKTOP-JO95MPE" ignored="0" name="Create MarketingCensus Request task 2" tests="2" failures="0" timestamp="2020-11-05T18:39:05 IST" time="265.992" errors="0">
  <testcase name="peerReviewMarketingCensusRequest" time="132.432" classname="DentalLOCTestCases.CreateMarketingCensusRequest.PeerReviewMarketingCensusRequest"/>
  <testcase name="peerReviewMarketingCensusRequest" time="132.399" classname="DentalLOCTestCases.CreateMarketingCensusRequest.PeerReviewMarketingCensusRequest"/>
</testsuite> <!-- Create MarketingCensus Request task 2 -->
