<?xml version="1.0" encoding="UTF-8"?>
<!-- Generated by org.testng.reporters.JUnitXMLReporter -->
<testsuite hostname="DESKTOP-JO95MPE" ignored="0" name="Create Vendor Experience Task 2" tests="2" failures="2" timestamp="2020-11-05T17:39:59 IST" time="70.446" errors="0">
  <testcase name="obtainUtilizationVersusPremiumReport" time="35.73" classname="DentalLOCTestCases.CreateVendorExperience.ObtainUtilizationVersusPremiumReport">
    <failure type="org.openqa.selenium.WebDriverException" message="element click intercepted: Element &amp;lt;h6 _ngcontent-rsc-c7=&amp;quot;&amp;quot; class=&amp;quot;mb-0  pb-0&amp;quot;&amp;gt;...&amp;lt;/h6&amp;gt; is not clickable at point (84, 272). Other element would receive the click: &amp;lt;div _ngcontent-rsc-c1=&amp;quot;&amp;quot; class=&amp;quot;ngx-overlay loading-foreground foreground-closing&amp;quot; style=&amp;quot;background-color: rgba(40, 40, 40, 0.8); border-radius: 0px;&amp;quot;&amp;gt;...&amp;lt;/div&amp;gt;
  (Session info: chrome=86.0.4240.111)
Build info: version: &amp;apos;3.5.2&amp;apos;, revision: &amp;apos;10229a9&amp;apos;, time: &amp;apos;2017-08-21T17:29:55.15Z&amp;apos;
System info: host: &amp;apos;DESKTOP-JO95MPE&amp;apos;, ip: &amp;apos;192.168.1.6&amp;apos;, os.name: &amp;apos;Windows 10&amp;apos;, os.arch: &amp;apos;amd64&amp;apos;, os.version: &amp;apos;10.0&amp;apos;, java.version: &amp;apos;1.8.0_191&amp;apos;
Driver info: org.openqa.selenium.chrome.ChromeDriver
Capabilities [{networkConnectionEnabled=false, chrome={chromedriverVersion=85.0.4183.87 (cd6713ebf92fa1cacc0f1a598df280093af0c5d7-refs/branch-heads/4183@{#1689}), userDataDir=C:\Users\Mayank\AppData\Local\Temp\scoped_dir13876_1620737021}, timeouts={implicit=0, pageLoad=300000, script=30000}, pageLoadStrategy=normal, unhandledPromptBehavior=dismiss and notify, strictFileInteractability=false, platform=ANY, proxy=Proxy(), goog:chromeOptions={debuggerAddress=localhost:52992}, acceptInsecureCerts=false, browserVersion=86.0.4240.111, browserName=chrome, javascriptEnabled=true, platformName=windows, setWindowRect=true, webauthn:virtualAuthenticators=true}]
Session ID: 1c827dfb71cbfb84f10dff7e564395b4">
      <![CDATA[org.openqa.selenium.WebDriverException: element click intercepted: Element <h6 _ngcontent-rsc-c7="" class="mb-0  pb-0">...</h6> is not clickable at point (84, 272). Other element would receive the click: <div _ngcontent-rsc-c1="" class="ngx-overlay loading-foreground foreground-closing" style="background-color: rgba(40, 40, 40, 0.8); border-radius: 0px;">...</div>
  (Session info: chrome=86.0.4240.111)
Build info: version: '3.5.2', revision: '10229a9', time: '2017-08-21T17:29:55.15Z'
System info: host: 'DESKTOP-JO95MPE', ip: '192.168.1.6', os.name: 'Windows 10', os.arch: 'amd64', os.version: '10.0', java.version: '1.8.0_191'
Driver info: org.openqa.selenium.chrome.ChromeDriver
Capabilities [{networkConnectionEnabled=false, chrome={chromedriverVersion=85.0.4183.87 (cd6713ebf92fa1cacc0f1a598df280093af0c5d7-refs/branch-heads/4183@{#1689}), userDataDir=C:\Users\Mayank\AppData\Local\Temp\scoped_dir13876_1620737021}, timeouts={implicit=0, pageLoad=300000, script=30000}, pageLoadStrategy=normal, unhandledPromptBehavior=dismiss and notify, strictFileInteractability=false, platform=ANY, proxy=Proxy(), goog:chromeOptions={debuggerAddress=localhost:52992}, acceptInsecureCerts=false, browserVersion=86.0.4240.111, browserName=chrome, javascriptEnabled=true, platformName=windows, setWindowRect=true, webauthn:virtualAuthenticators=true}]
Session ID: 1c827dfb71cbfb84f10dff7e564395b4
at org.openqa.selenium.remote.http.W3CHttpResponseCodec.createException(W3CHttpResponseCodec.java:185)
at org.openqa.selenium.remote.http.W3CHttpResponseCodec.decode(W3CHttpResponseCodec.java:120)
at org.openqa.selenium.remote.http.W3CHttpResponseCodec.decode(W3CHttpResponseCodec.java:49)
at org.openqa.selenium.remote.HttpCommandExecutor.execute(HttpCommandExecutor.java:164)
at org.openqa.selenium.remote.service.DriverCommandExecutor.execute(DriverCommandExecutor.java:82)
at org.openqa.selenium.remote.RemoteWebDriver.execute(RemoteWebDriver.java:641)
at org.openqa.selenium.remote.RemoteWebElement.execute(RemoteWebElement.java:275)
at org.openqa.selenium.remote.RemoteWebElement.click(RemoteWebElement.java:82)
at Base.TestBase.click(TestBase.java:201)
at DentalLOCTestCases.CreateVendorExperience.ObtainUtilizationVersusPremiumReport.obtainUtilizationVersusPremiumReport(ObtainUtilizationVersusPremiumReport.java:41)
at java.util.ArrayList.forEach(Unknown Source)
... Removed 31 stack frames]]>
    </failure>
  </testcase> <!-- obtainUtilizationVersusPremiumReport -->
  <testcase name="obtainUtilizationVersusPremiumReport" time="33.274" classname="DentalLOCTestCases.CreateVendorExperience.ObtainUtilizationVersusPremiumReport">
    <failure type="org.openqa.selenium.WebDriverException" message="element click intercepted: Element &amp;lt;h6 _ngcontent-rsc-c7=&amp;quot;&amp;quot; class=&amp;quot;mb-0  pb-0&amp;quot;&amp;gt;...&amp;lt;/h6&amp;gt; is not clickable at point (87, 272). Other element would receive the click: &amp;lt;div _ngcontent-rsc-c1=&amp;quot;&amp;quot; class=&amp;quot;ngx-overlay loading-foreground foreground-closing&amp;quot; style=&amp;quot;background-color: rgba(40, 40, 40, 0.8); border-radius: 0px;&amp;quot;&amp;gt;...&amp;lt;/div&amp;gt;
  (Session info: chrome=86.0.4240.111)
Build info: version: &amp;apos;3.5.2&amp;apos;, revision: &amp;apos;10229a9&amp;apos;, time: &amp;apos;2017-08-21T17:29:55.15Z&amp;apos;
System info: host: &amp;apos;DESKTOP-JO95MPE&amp;apos;, ip: &amp;apos;192.168.1.6&amp;apos;, os.name: &amp;apos;Windows 10&amp;apos;, os.arch: &amp;apos;amd64&amp;apos;, os.version: &amp;apos;10.0&amp;apos;, java.version: &amp;apos;1.8.0_191&amp;apos;
Driver info: org.openqa.selenium.chrome.ChromeDriver
Capabilities [{networkConnectionEnabled=false, chrome={chromedriverVersion=85.0.4183.87 (cd6713ebf92fa1cacc0f1a598df280093af0c5d7-refs/branch-heads/4183@{#1689}), userDataDir=C:\Users\Mayank\AppData\Local\Temp\scoped_dir13876_1620737021}, timeouts={implicit=0, pageLoad=300000, script=30000}, pageLoadStrategy=normal, unhandledPromptBehavior=dismiss and notify, strictFileInteractability=false, platform=ANY, proxy=Proxy(), goog:chromeOptions={debuggerAddress=localhost:52992}, acceptInsecureCerts=false, browserVersion=86.0.4240.111, browserName=chrome, javascriptEnabled=true, platformName=windows, setWindowRect=true, webauthn:virtualAuthenticators=true}]
Session ID: 1c827dfb71cbfb84f10dff7e564395b4">
      <![CDATA[org.openqa.selenium.WebDriverException: element click intercepted: Element <h6 _ngcontent-rsc-c7="" class="mb-0  pb-0">...</h6> is not clickable at point (87, 272). Other element would receive the click: <div _ngcontent-rsc-c1="" class="ngx-overlay loading-foreground foreground-closing" style="background-color: rgba(40, 40, 40, 0.8); border-radius: 0px;">...</div>
  (Session info: chrome=86.0.4240.111)
Build info: version: '3.5.2', revision: '10229a9', time: '2017-08-21T17:29:55.15Z'
System info: host: 'DESKTOP-JO95MPE', ip: '192.168.1.6', os.name: 'Windows 10', os.arch: 'amd64', os.version: '10.0', java.version: '1.8.0_191'
Driver info: org.openqa.selenium.chrome.ChromeDriver
Capabilities [{networkConnectionEnabled=false, chrome={chromedriverVersion=85.0.4183.87 (cd6713ebf92fa1cacc0f1a598df280093af0c5d7-refs/branch-heads/4183@{#1689}), userDataDir=C:\Users\Mayank\AppData\Local\Temp\scoped_dir13876_1620737021}, timeouts={implicit=0, pageLoad=300000, script=30000}, pageLoadStrategy=normal, unhandledPromptBehavior=dismiss and notify, strictFileInteractability=false, platform=ANY, proxy=Proxy(), goog:chromeOptions={debuggerAddress=localhost:52992}, acceptInsecureCerts=false, browserVersion=86.0.4240.111, browserName=chrome, javascriptEnabled=true, platformName=windows, setWindowRect=true, webauthn:virtualAuthenticators=true}]
Session ID: 1c827dfb71cbfb84f10dff7e564395b4
at org.openqa.selenium.remote.http.W3CHttpResponseCodec.createException(W3CHttpResponseCodec.java:185)
at org.openqa.selenium.remote.http.W3CHttpResponseCodec.decode(W3CHttpResponseCodec.java:120)
at org.openqa.selenium.remote.http.W3CHttpResponseCodec.decode(W3CHttpResponseCodec.java:49)
at org.openqa.selenium.remote.HttpCommandExecutor.execute(HttpCommandExecutor.java:164)
at org.openqa.selenium.remote.service.DriverCommandExecutor.execute(DriverCommandExecutor.java:82)
at org.openqa.selenium.remote.RemoteWebDriver.execute(RemoteWebDriver.java:641)
at org.openqa.selenium.remote.RemoteWebElement.execute(RemoteWebElement.java:275)
at org.openqa.selenium.remote.RemoteWebElement.click(RemoteWebElement.java:82)
at Base.TestBase.click(TestBase.java:201)
at DentalLOCTestCases.CreateVendorExperience.ObtainUtilizationVersusPremiumReport.obtainUtilizationVersusPremiumReport(ObtainUtilizationVersusPremiumReport.java:41)
at java.util.ArrayList.forEach(Unknown Source)
... Removed 31 stack frames]]>
    </failure>
  </testcase> <!-- obtainUtilizationVersusPremiumReport -->
</testsuite> <!-- Create Vendor Experience Task 2 -->
