<?xml version="1.0" encoding="UTF-8"?>
<!-- Generated by org.testng.reporters.JUnitXMLReporter -->
<testsuite hostname="DESKTOP-JO95MPE" ignored="0" name="Create MarketingCensus Request task 3" tests="2" failures="0" timestamp="2020-11-05T18:42:01 IST" time="176.841" errors="0">
  <testcase name="obtainMarketingCensusInfo" time="89.932" classname="DentalLOCTestCases.CreateMarketingCensusRequest.ObtainMarketingCensusInfo"/>
  <testcase name="obtainMarketingCensusInfo" time="85.944" classname="DentalLOCTestCases.CreateMarketingCensusRequest.ObtainMarketingCensusInfo"/>
</testsuite> <!-- Create MarketingCensus Request task 3 -->
