<?xml version="1.0" encoding="UTF-8"?>
<!-- Generated by org.testng.reporters.JUnitXMLReporter -->
<testsuite hostname="DESKTOP-JO95MPE" ignored="0" name="Create IncumbentVendor Disruption Report task 2" tests="2" failures="0" timestamp="2020-11-05T18:19:19 IST" time="187.903" errors="0">
  <testcase name="obtainDisruptionReport" time="93.824" classname="DentalLOCTestCases.CreateIncumbentVendorDisruptionReport.ObtainDisruptionReport"/>
  <testcase name="obtainDisruptionReport" time="93.087" classname="DentalLOCTestCases.CreateIncumbentVendorDisruptionReport.ObtainDisruptionReport"/>
</testsuite> <!-- Create IncumbentVendor Disruption Report task 2 -->
