<?xml version="1.0" encoding="UTF-8"?>
<!-- Generated by org.testng.reporters.JUnitXMLReporter -->
<testsuite hostname="DESKTOP-JO95MPE" ignored="0" name="Rfp Data Request" tests="2" failures="0" timestamp="2020-11-04T17:28:06 IST" time="154.215" errors="0">
  <testcase name="rfpDataRequestConfirmation" time="76.874" classname="DentalLOCTestCases.RFPToPresentationCreation.RfpDataRequestConfirmation"/>
  <testcase name="rfpDataRequestConfirmation" time="76.37" classname="DentalLOCTestCases.RFPToPresentationCreation.RfpDataRequestConfirmation"/>
</testsuite> <!-- Rfp Data Request -->
