<?xml version="1.0" encoding="UTF-8"?>
<testsuite name="Client MarketingPresentation Decisions task 8"
           tests="3"
           failures="1"
           errors="0"
           skipped="2"
           time="-1606123497.087">
  <properties />
            <testcase name="setUp" time="1.678" classname="DentalLOCTestCases.ClientMarketingPresentationDecisions.ObtainClientDecisionsDental">
                <failure type="java.lang.NoSuchMethodError"
                  message="com.google.common.collect.ImmutableSet.toImmutableSet()Ljava/util/stream/Collector;"
              >
<![CDATA[java.lang.NoSuchMethodError: com.google.common.collect.ImmutableSet.toImmutableSet()Ljava/util/stream/Collector;
  org.openqa.selenium.remote.ProtocolHandshake.streamW3CProtocolParameters(ProtocolHandshake.java:262)
  org.openqa.selenium.remote.ProtocolHandshake.createSession(ProtocolHandshake.java:126)
  org.openqa.selenium.remote.HttpCommandExecutor.execute(HttpCommandExecutor.java:142)
  org.openqa.selenium.remote.service.DriverCommandExecutor.execute(DriverCommandExecutor.java:82)
  org.openqa.selenium.remote.RemoteWebDriver.execute(RemoteWebDriver.java:641)
  org.openqa.selenium.remote.RemoteWebDriver.startSession(RemoteWebDriver.java:254)
  org.openqa.selenium.remote.RemoteWebDriver.startSession(RemoteWebDriver.java:236)
  org.openqa.selenium.remote.RemoteWebDriver.<init>(RemoteWebDriver.java:137)
  org.openqa.selenium.chrome.ChromeDriver.<init>(ChromeDriver.java:178)
  org.openqa.selenium.chrome.ChromeDriver.<init>(ChromeDriver.java:167)
  org.openqa.selenium.chrome.ChromeDriver.<init>(ChromeDriver.java:124)
  Base.TestBase.setUp(TestBase.java:104)
  sun.reflect.NativeMethodAccessorImpl.invoke0(Native Method)
  sun.reflect.NativeMethodAccessorImpl.invoke(Unknown Source)
  sun.reflect.DelegatingMethodAccessorImpl.invoke(Unknown Source)
  java.lang.reflect.Method.invoke(Unknown Source)
  org.testng.internal.MethodInvocationHelper.invokeMethod(MethodInvocationHelper.java:134)
  org.testng.internal.MethodInvocationHelper.invokeMethodConsideringTimeout(MethodInvocationHelper.java:63)
  org.testng.internal.ConfigInvoker.invokeConfigurationMethod(ConfigInvoker.java:348)
  org.testng.internal.ConfigInvoker.invokeConfigurations(ConfigInvoker.java:302)
  org.testng.SuiteRunner.privateRun(SuiteRunner.java:327)
  org.testng.SuiteRunner.run(SuiteRunner.java:286)
  org.testng.SuiteRunnerWorker.runSuite(SuiteRunnerWorker.java:53)
  org.testng.SuiteRunnerWorker.run(SuiteRunnerWorker.java:96)
  org.testng.TestNG.runSuitesSequentially(TestNG.java:1187)
  org.testng.TestNG.runSuitesLocally(TestNG.java:1109)
  org.testng.TestNG.runSuites(TestNG.java:1039)
  org.testng.TestNG.run(TestNG.java:1007)
  org.testng.remote.AbstractRemoteTestNG.run(AbstractRemoteTestNG.java:115)
  org.testng.remote.RemoteTestNG.initAndRun(RemoteTestNG.java:251)
  org.testng.remote.RemoteTestNG.main(RemoteTestNG.java:77)
]]>
      </failure>

          </testcase>
  
            <testcase name="tearDown" time="0.0" classname="DentalLOCTestCases.ClientMarketingPresentationDecisions.ObtainClientDecisionsDental">
          <skipped />
    </testcase>
            <testcase name="documentClientMeetingNotes" time="0.0" classname="DentalLOCTestCases.ClientMarketingPresentationDecisions.ObtainClientDecisionsDental">
          <skipped />
    </testcase>
  
  
</testsuite>
