<?xml version="1.0" encoding="UTF-8"?>
<!-- Generated by org.testng.reporters.JUnitReportReporter -->
<testsuite skipped="0" hostname="DESKTOP-JO95MPE" name="MedicalLOCTestCases.RenewalSelfFundedProjection.RenewalSelfFundedProjection" tests="1" failures="0" timestamp="2020-10-22T19:05:40 IST" time="57.302" errors="0">
  <testcase name="renewalSelfFundedProjection" time="57.302" classname="MedicalLOCTestCases.RenewalSelfFundedProjection.RenewalSelfFundedProjection"/>
  <system-out>
<a target="_blank" href=Thu_Oct_22_19_05_36_IST_2020.jpg>Click To See Screenshot</a> <br> <a target="_blank" href=Thu_Oct_22_19_05_36_IST_2020.jpg><img src=Thu_Oct_22_19_05_36_IST_2020.jpg height=200 width=200></img></a>  </system-out>
</testsuite> <!-- MedicalLOCTestCases.RenewalSelfFundedProjection.RenewalSelfFundedProjection -->
