<?xml version="1.0" encoding="UTF-8"?>
<!-- Generated by org.testng.reporters.JUnitReportReporter -->
<testsuite skipped="0" hostname="DESKTOP-JO95MPE" name="DentalLOCTestCases.CreateVendorExperience.ReviewAndSaveUtilizationVersusPremiumReport" tests="1" failures="0" timestamp="2020-10-30T14:57:38 IST" time="71.035" errors="0">
  <testcase name="reviewAndSaveUtilizationVersusPremiumReport" time="71.035" classname="DentalLOCTestCases.CreateVendorExperience.ReviewAndSaveUtilizationVersusPremiumReport"/>
  <system-out>
<a target="_blank" href=Fri_Oct_30_14_56_10_IST_2020.jpg>Click To See Screenshot</a> <br> <a target="_blank" href=Fri_Oct_30_14_56_10_IST_2020.jpg><img src=Fri_Oct_30_14_56_10_IST_2020.jpg height=200 width=200></img></a>  </system-out>
</testsuite> <!-- DentalLOCTestCases.CreateVendorExperience.ReviewAndSaveUtilizationVersusPremiumReport -->
