<?xml version="1.0" encoding="UTF-8"?>
<!-- Generated by org.testng.reporters.JUnitReportReporter -->
<testsuite skipped="0" hostname="DESKTOP-JO95MPE" name="DentalLOCTestCases.CreateMarketingCensusRequest.PeerReviewMarketingCensusRequest" tests="1" failures="0" timestamp="2020-10-30T15:25:38 IST" time="129.888" errors="0">
  <testcase name="peerReviewMarketingCensusRequest" time="129.888" classname="DentalLOCTestCases.CreateMarketingCensusRequest.PeerReviewMarketingCensusRequest"/>
  <system-out>
Login Successfully Login Successfully <a target="_blank" href=Fri_Oct_30_15_20_21_IST_2020.jpg>Click To See Screenshot</a> <br> <a target="_blank" href=Fri_Oct_30_15_20_21_IST_2020.jpg><img src=Fri_Oct_30_15_20_21_IST_2020.jpg height=200 width=200></img></a>  </system-out>
</testsuite> <!-- DentalLOCTestCases.CreateMarketingCensusRequest.PeerReviewMarketingCensusRequest -->
