<?xml version="1.0" encoding="UTF-8"?>
<!-- Generated by org.testng.reporters.JUnitReportReporter -->
<testsuite skipped="0" hostname="DESKTOP-JO95MPE" name="DentalLOCTestCases.RfpDataRequestConfirmation" tests="1" failures="0" timestamp="2020-10-13T17:36:15 IST" time="77.494" errors="0">
  <testcase name="rfpDataRequestConfirmation" time="77.494" classname="DentalLOCTestCases.RfpDataRequestConfirmation"/>
  <system-out>
<a target="_blank" href=Tue_Oct_13_17_19_40_IST_2020.jpg>Click To See Screenshot</a> <br> <a target="_blank" href=Tue_Oct_13_17_19_40_IST_2020.jpg><img src=Tue_Oct_13_17_19_40_IST_2020.jpg height=200 width=200></img></a>  </system-out>
</testsuite> <!-- DentalLOCTestCases.RfpDataRequestConfirmation -->
